<?xml version="1.0" encoding="UTF-8"?>
<testng-results skipped="0" failed="0" total="1" passed="1">
  <reporter-output>
  </reporter-output>
  <suite name="Default suite" duration-ms="22311" started-at="2020-05-14T05:02:59Z" finished-at="2020-05-14T05:03:21Z">
    <groups>
    </groups>
    <test name="Default test" duration-ms="22311" started-at="2020-05-14T05:02:59Z" finished-at="2020-05-14T05:03:21Z">
      <class name="com.training.sanity.Mediumtests.PlaceOrder_UNF034">
        <test-method status="PASS" signature="setUpBeforeClass()[pri:0, instance:com.training.sanity.Mediumtests.PlaceOrder_UNF034@8e0379d]" name="setUpBeforeClass" is-config="true" duration-ms="32" started-at="2020-05-14T10:32:59Z" finished-at="2020-05-14T10:32:59Z">
          <reporter-output>
          </reporter-output>
        </test-method> <!-- setUpBeforeClass -->
        <test-method status="PASS" signature="setUp()[pri:0, instance:com.training.sanity.Mediumtests.PlaceOrder_UNF034@8e0379d]" name="setUp" is-config="true" duration-ms="14709" started-at="2020-05-14T10:32:59Z" finished-at="2020-05-14T10:33:13Z">
          <reporter-output>
          </reporter-output>
        </test-method> <!-- setUp -->
        <test-method status="PASS" signature="homePage()[pri:0, instance:com.training.sanity.Mediumtests.PlaceOrder_UNF034@8e0379d]" name="homePage" duration-ms="4905" started-at="2020-05-14T10:33:13Z" finished-at="2020-05-14T10:33:18Z">
          <reporter-output>
          </reporter-output>
        </test-method> <!-- homePage -->
        <test-method status="PASS" signature="tearDown()[pri:0, instance:com.training.sanity.Mediumtests.PlaceOrder_UNF034@8e0379d]" name="tearDown" is-config="true" duration-ms="2638" started-at="2020-05-14T10:33:18Z" finished-at="2020-05-14T10:33:21Z">
          <reporter-output>
          </reporter-output>
        </test-method> <!-- tearDown -->
      </class> <!-- com.training.sanity.Mediumtests.PlaceOrder_UNF034 -->
    </test> <!-- Default test -->
  </suite> <!-- Default suite -->
</testng-results>
