<?xml version="1.0" encoding="UTF-8"?>
<!-- Generated by org.testng.reporters.JUnitXMLReporter -->
<testsuite hostname="DESKTOP-C9NFQ72" name="Default test" tests="2" failures="0" timestamp="13 May 2020 15:01:40 GMT" time="28.747" errors="0">
  <testcase name="homePage" time="3.266" classname="com.training.sanity.Mediumtests.ReturnOrder_UNF036"/>
  <testcase name="viewOrderHistory" time="7.311" classname="com.training.sanity.Mediumtests.ReturnOrder_UNF036"/>
</testsuite> <!-- Default test -->
